{
  "RSpec": {
    "coverage": {
      "/Users/Nathan/Documents/projects/rails/saver/spec/features/user_views_places_spec.rb": [
        1,
        null,
        1,
        null,
        null,
        null,
        2,
        2,
        null,
        1,
        1,
        null,
        1,
        2,
        2,
        2,
        2,
        null,
        null,
        null
      ],
      "/Users/Nathan/Documents/projects/rails/saver/app/models/place.rb": [
        1,
        1,
        null
      ],
      "/Users/Nathan/Documents/projects/rails/saver/app/models/category.rb": [
        1,
        1,
        null
      ],
      "/Users/Nathan/Documents/projects/rails/saver/app/controllers/homes_controller.rb": [
        1,
        1,
        null,
        null
      ],
      "/Users/Nathan/Documents/projects/rails/saver/app/controllers/application_controller.rb": [
        1,
        null,
        null,
        1,
        null
      ],
      "/Users/Nathan/Documents/projects/rails/saver/app/controllers/api/categories_controller.rb": [
        1,
        1,
        2,
        2,
        null,
        null
      ],
      "/Users/Nathan/Documents/projects/rails/saver/app/controllers/api/places_controller.rb": [
        1,
        1,
        3,
        3,
        null,
        null,
        1,
        1,
        1,
        1,
        1,
        null,
        0,
        null,
        null,
        null,
        1,
        null,
        1,
        null,
        null,
        1,
        null,
        null
      ]
    },
    "timestamp": 1459819373
  }
}
