{
  "RSpec": {
    "coverage": {
      "/Users/Nathan/Documents/projects/rails/saver/app/models/place.rb": [
        1,
        1,
        null
      ],
      "/Users/Nathan/Documents/projects/rails/saver/app/models/category.rb": [
        1,
        1,
        null
      ],
      "/Users/Nathan/Documents/projects/rails/saver/app/controllers/homes_controller.rb": [
        1,
        1,
        null,
        null
      ],
      "/Users/Nathan/Documents/projects/rails/saver/app/controllers/application_controller.rb": [
        1,
        null,
        null,
        1,
        null
      ],
      "/Users/Nathan/Documents/projects/rails/saver/app/controllers/api/places_controller.rb": [
        1,
        1,
        2,
        2,
        null,
        null
      ]
    },
    "timestamp": 1456364881
  }
}
